/*C1*/SET SCHEMA PUBLIC
CONNECT USER SA
INSERT INTO ACCOUNT VALUES(10,0,3,TRUE,'',3,100,' ',0,'tera','9d4e1e23bd5b727046a9e3b4b7db57bd8d6ee684',0)
INSERT INTO ACCOUNT VALUES(11,0,5,TRUE,'',3,100,' ',0,'time','9d4e1e23bd5b727046a9e3b4b7db57bd8d6ee684',0)
DELETE FROM ACCOUNT WHERE ID=10
DELETE FROM ACCOUNT WHERE ID=11
INSERT INTO ACCOUNT VALUES(12,0,5,TRUE,'',3,100,' ',0,'tera','9d4e1e23bd5b727046a9e3b4b7db57bd8d6ee684',0)
INSERT INTO MAP VALUES(26,0,'Account',12,0,0)
SET AUTOCOMMIT FALSE
DELETE FROM ACCOUNT WHERE ID=12
INSERT INTO ACCOUNT VALUES(12,1,5,TRUE,'',3,100,' ',0,'tera','9d4e1e23bd5b727046a9e3b4b7db57bd8d6ee684',0)
SET AUTOCOMMIT TRUE
SET AUTOCOMMIT FALSE
DELETE FROM AUTHORITY WHERE ID=2
INSERT INTO AUTHORITY VALUES(2,14,'ROLE_USER','')
SET AUTOCOMMIT TRUE
INSERT INTO AUTHORITY_PEOPLE VALUES(12,2)
SET AUTOCOMMIT FALSE
DELETE FROM ACCOUNT WHERE ID=12
INSERT INTO ACCOUNT VALUES(12,2,5,TRUE,'',3,95,' ',0,'tera','9d4e1e23bd5b727046a9e3b4b7db57bd8d6ee684',0)
SET AUTOCOMMIT TRUE
SET AUTOCOMMIT FALSE
DELETE FROM MAP WHERE ID=26
INSERT INTO MAP VALUES(26,1,'Account',12,2,2)
SET AUTOCOMMIT TRUE
SET AUTOCOMMIT FALSE
DELETE FROM MAP WHERE ID=26
INSERT INTO MAP VALUES(26,2,'Account',12,3,2)
SET AUTOCOMMIT TRUE
SET AUTOCOMMIT FALSE
DELETE FROM ACCOUNT WHERE ID=12
INSERT INTO ACCOUNT VALUES(12,3,5,TRUE,'',2,100,' <font color=''blue''>Fri Jul 23 16:30:30 JST 2010|test\u718a\u3068\u306e\u6226\u95d8\u306b\u6557\u5317\u3057\u307e\u3057\u305f<br></font>',1,'tera','9d4e1e23bd5b727046a9e3b4b7db57bd8d6ee684',0)
SET AUTOCOMMIT TRUE
SET AUTOCOMMIT FALSE
DELETE FROM ACCOUNT WHERE ID=3
INSERT INTO ACCOUNT VALUES(3,12,4,TRUE,'',3,100,' <font color=''blue''>Fri Jul 23 12:10:48 JST 2010|horie\u3068\u306e\u6226\u95d8\u306b\u6557\u5317\u3057\u307e\u3057\u305f<br></font><font color=''red''>Fri Jul 23 12:13:28 JST 2010|horie\u3068\u306e\u6226\u95d8\u306b\u52dd\u5229\u3057\u307e\u3057\u305f<br></font><font color=''red''>Fri Jul 23 12:22:07 JST 2010|horie\u3068\u306e\u6226\u95d8\u306b\u52dd\u5229\u3057\u307e\u3057\u305f<br></font><font color=''blue''>Fri Jul 23 12:35:20 JST 2010|horie\u3068\u306e\u6226\u95d8\u306b\u6557\u5317\u3057\u307e\u3057\u305f<br></font><font color=''blue''>Fri Jul 23 12:47:10 JST 2010|horie\u3068\u306e\u6226\u95d8\u306b\u6557\u5317\u3057\u307e\u3057\u305f<br></font><font color=''red''>Fri Jul 23 12:47:42 JST 2010|horie\u3068\u306e\u6226\u95d8\u306b\u52dd\u5229\u3057\u307e\u3057\u305f<br></font><font color=''red''>Fri Jul 23 12:48:17 JST 2010|horie\u3068\u306e\u6226\u95d8\u306b\u52dd\u5229\u3057\u307e\u3057\u305f<br></font><font color=''red''>Fri Jul 23 12:48:41 JST 2010|horie\u3068\u306e\u6226\u95d8\u306b\u52dd\u5229\u3057\u307e\u3057\u305f<br></font><font color=''red''>Fri Jul 23 12:48:59 JST 2010|horie\u3068\u306e\u6226\u95d8\u306b\u52dd\u5229\u3057\u307e\u3057\u305f<br></font><font color=''blue''>Fri Jul 23 12:49:12 JST 2010|horie\u3068\u306e\u6226\u95d8\u306b\u6557\u5317\u3057\u307e\u3057\u305f<br></font><font color=''red''>Fri Jul 23 16:30:30 JST 2010|tera\u3068\u306e\u6226\u95d8\u306b\u52dd\u5229\u3057\u307e\u3057\u305f<br></font>',4,'test\u718a','a94a8fe5ccb19ba61c4c0873d391e987982fbbd3',7)
SET AUTOCOMMIT TRUE
SET AUTOCOMMIT FALSE
DELETE FROM MAP WHERE ID=26
INSERT INTO MAP VALUES(26,3,'Account',12,0,0)
SET AUTOCOMMIT TRUE
SET AUTOCOMMIT FALSE
DELETE FROM ACCOUNT WHERE ID=12
INSERT INTO ACCOUNT VALUES(12,4,5,TRUE,'',2,95,' <font color=''blue''>Fri Jul 23 16:30:30 JST 2010|test\u718a\u3068\u306e\u6226\u95d8\u306b\u6557\u5317\u3057\u307e\u3057\u305f<br></font>',1,'tera','9d4e1e23bd5b727046a9e3b4b7db57bd8d6ee684',0)
SET AUTOCOMMIT TRUE
SET AUTOCOMMIT FALSE
DELETE FROM MAP WHERE ID=26
INSERT INTO MAP VALUES(26,4,'Account',12,3,1)
SET AUTOCOMMIT TRUE
SET AUTOCOMMIT FALSE
DELETE FROM ACCOUNT WHERE ID=12
INSERT INTO ACCOUNT VALUES(12,5,5,TRUE,'',1,100,' <font color=''blue''>Fri Jul 23 16:30:30 JST 2010|test\u718a\u3068\u306e\u6226\u95d8\u306b\u6557\u5317\u3057\u307e\u3057\u305f<br></font>Fri Jul 23 16:30:43 JST 2010|\u3048\u3055\u3092\u4f7f\u3044\u307e\u3057\u305f<br>',1,'tera','9d4e1e23bd5b727046a9e3b4b7db57bd8d6ee684',0)
SET AUTOCOMMIT TRUE
SET AUTOCOMMIT FALSE
DELETE FROM MAP WHERE ID=26
INSERT INTO MAP VALUES(26,5,'Account',12,2,1)
SET AUTOCOMMIT TRUE
SET AUTOCOMMIT FALSE
DELETE FROM ACCOUNT WHERE ID=12
INSERT INTO ACCOUNT VALUES(12,6,5,TRUE,'',2,100,' <font color=''blue''>Fri Jul 23 16:30:30 JST 2010|test\u718a\u3068\u306e\u6226\u95d8\u306b\u6557\u5317\u3057\u307e\u3057\u305f<br></font>Fri Jul 23 16:30:43 JST 2010|\u3048\u3055\u3092\u4f7f\u3044\u307e\u3057\u305f<br><font color=''red''>Fri Jul 23 16:30:45 JST 2010|\u3048\u3055\u3092\u767a\u898b\u3057\u307e\u3057\u305f\uff01<br></font>',1,'tera','9d4e1e23bd5b727046a9e3b4b7db57bd8d6ee684',0)
SET AUTOCOMMIT TRUE
DELETE FROM MAP WHERE ID=24
INSERT INTO MAP VALUES(27,0,'esa',0,3,2)
SET AUTOCOMMIT FALSE
DELETE FROM ACCOUNT WHERE ID=12
INSERT INTO ACCOUNT VALUES(12,7,5,TRUE,'',2,98,' <font color=''blue''>Fri Jul 23 16:30:30 JST 2010|test\u718a\u3068\u306e\u6226\u95d8\u306b\u6557\u5317\u3057\u307e\u3057\u305f<br></font>Fri Jul 23 16:30:43 JST 2010|\u3048\u3055\u3092\u4f7f\u3044\u307e\u3057\u305f<br><font color=''red''>Fri Jul 23 16:30:45 JST 2010|\u3048\u3055\u3092\u767a\u898b\u3057\u307e\u3057\u305f\uff01<br></font>Fri Jul 23 16:30:46 JST 2010|\u897f\u3078\u79fb\u52d5\u3057\u307e\u3057\u305f\u3002<br>',1,'tera','9d4e1e23bd5b727046a9e3b4b7db57bd8d6ee684',0)
SET AUTOCOMMIT TRUE
SET AUTOCOMMIT FALSE
DELETE FROM MAP WHERE ID=26
INSERT INTO MAP VALUES(26,6,'Account',12,1,1)
SET AUTOCOMMIT TRUE
SET AUTOCOMMIT FALSE
DELETE FROM ACCOUNT WHERE ID=12
INSERT INTO ACCOUNT VALUES(12,8,5,TRUE,'',2,96,' <font color=''blue''>Fri Jul 23 16:30:30 JST 2010|test\u718a\u3068\u306e\u6226\u95d8\u306b\u6557\u5317\u3057\u307e\u3057\u305f<br></font>Fri Jul 23 16:30:43 JST 2010|\u3048\u3055\u3092\u4f7f\u3044\u307e\u3057\u305f<br><font color=''red''>Fri Jul 23 16:30:45 JST 2010|\u3048\u3055\u3092\u767a\u898b\u3057\u307e\u3057\u305f\uff01<br></font>Fri Jul 23 16:30:46 JST 2010|\u897f\u3078\u79fb\u52d5\u3057\u307e\u3057\u305f\u3002<br>Fri Jul 23 16:30:50 JST 2010|\u5357\u3078\u79fb\u52d5\u3057\u307e\u3057\u305f\u3002<br>',1,'tera','9d4e1e23bd5b727046a9e3b4b7db57bd8d6ee684',0)
SET AUTOCOMMIT TRUE
SET AUTOCOMMIT FALSE
DELETE FROM MAP WHERE ID=26
INSERT INTO MAP VALUES(26,7,'Account',12,1,2)
SET AUTOCOMMIT TRUE
SET AUTOCOMMIT FALSE
DELETE FROM ACCOUNT WHERE ID=12
INSERT INTO ACCOUNT VALUES(12,9,5,TRUE,'',1,100,' <font color=''blue''>Fri Jul 23 16:30:30 JST 2010|test\u718a\u3068\u306e\u6226\u95d8\u306b\u6557\u5317\u3057\u307e\u3057\u305f<br></font>Fri Jul 23 16:30:43 JST 2010|\u3048\u3055\u3092\u4f7f\u3044\u307e\u3057\u305f<br><font color=''red''>Fri Jul 23 16:30:45 JST 2010|\u3048\u3055\u3092\u767a\u898b\u3057\u307e\u3057\u305f\uff01<br></font>Fri Jul 23 16:30:46 JST 2010|\u897f\u3078\u79fb\u52d5\u3057\u307e\u3057\u305f\u3002<br>Fri Jul 23 16:30:50 JST 2010|\u5357\u3078\u79fb\u52d5\u3057\u307e\u3057\u305f\u3002<br>Fri Jul 23 16:30:54 JST 2010|\u3048\u3055\u3092\u4f7f\u3044\u307e\u3057\u305f<br>',1,'tera','9d4e1e23bd5b727046a9e3b4b7db57bd8d6ee684',0)
SET AUTOCOMMIT TRUE
SET AUTOCOMMIT FALSE
DELETE FROM ACCOUNT WHERE ID=12
INSERT INTO ACCOUNT VALUES(12,10,5,TRUE,'',1,100,'</font>Fri Jul 23 16:30:43 JST 2010|\u3048\u3055\u3092\u4f7f\u3044\u307e\u3057\u305f<br><font color=''red''>Fri Jul 23 16:30:45 JST 2010|\u3048\u3055\u3092\u767a\u898b\u3057\u307e\u3057\u305f\uff01<br></font>Fri Jul 23 16:30:46 JST 2010|\u897f\u3078\u79fb\u52d5\u3057\u307e\u3057\u305f\u3002<br>Fri Jul 23 16:30:50 JST 2010|\u5357\u3078\u79fb\u52d5\u3057\u307e\u3057\u305f\u3002<br>Fri Jul 23 16:30:54 JST 2010|\u3048\u3055\u3092\u4f7f\u3044\u307e\u3057\u305f<br>',1,'tera','9d4e1e23bd5b727046a9e3b4b7db57bd8d6ee684',0)
SET AUTOCOMMIT TRUE
SET AUTOCOMMIT FALSE
DELETE FROM ACCOUNT WHERE ID=12
INSERT INTO ACCOUNT VALUES(12,11,5,TRUE,'',1,98,'</font>Fri Jul 23 16:30:43 JST 2010|\u3048\u3055\u3092\u4f7f\u3044\u307e\u3057\u305f<br><font color=''red''>Fri Jul 23 16:30:45 JST 2010|\u3048\u3055\u3092\u767a\u898b\u3057\u307e\u3057\u305f\uff01<br></font>Fri Jul 23 16:30:46 JST 2010|\u897f\u3078\u79fb\u52d5\u3057\u307e\u3057\u305f\u3002<br>Fri Jul 23 16:30:50 JST 2010|\u5357\u3078\u79fb\u52d5\u3057\u307e\u3057\u305f\u3002<br>Fri Jul 23 16:30:54 JST 2010|\u3048\u3055\u3092\u4f7f\u3044\u307e\u3057\u305f<br>Fri Jul 23 16:30:54 JST 2010|\u6771\u3078\u79fb\u52d5\u3057\u307e\u3057\u305f\u3002<br>',1,'tera','9d4e1e23bd5b727046a9e3b4b7db57bd8d6ee684',0)
SET AUTOCOMMIT TRUE
SET AUTOCOMMIT FALSE
DELETE FROM MAP WHERE ID=26
INSERT INTO MAP VALUES(26,8,'Account',12,2,2)
SET AUTOCOMMIT TRUE
SET AUTOCOMMIT FALSE
DELETE FROM ACCOUNT WHERE ID=12
INSERT INTO ACCOUNT VALUES(12,12,5,TRUE,'',1,98,'<font color=''red''>Fri Jul 23 16:30:45 JST 2010|\u3048\u3055\u3092\u767a\u898b\u3057\u307e\u3057\u305f\uff01<br></font>Fri Jul 23 16:30:46 JST 2010|\u897f\u3078\u79fb\u52d5\u3057\u307e\u3057\u305f\u3002<br>Fri Jul 23 16:30:50 JST 2010|\u5357\u3078\u79fb\u52d5\u3057\u307e\u3057\u305f\u3002<br>Fri Jul 23 16:30:54 JST 2010|\u3048\u3055\u3092\u4f7f\u3044\u307e\u3057\u305f<br>Fri Jul 23 16:30:54 JST 2010|\u6771\u3078\u79fb\u52d5\u3057\u307e\u3057\u305f\u3002<br>',1,'tera','9d4e1e23bd5b727046a9e3b4b7db57bd8d6ee684',0)
SET AUTOCOMMIT TRUE
SET AUTOCOMMIT FALSE
DELETE FROM MAP WHERE ID=26
INSERT INTO MAP VALUES(26,9,'Account',12,3,2)
SET AUTOCOMMIT TRUE
SET AUTOCOMMIT FALSE
DELETE FROM ACCOUNT WHERE ID=12
INSERT INTO ACCOUNT VALUES(12,13,5,TRUE,'',0,100,'<font color=''red''>Fri Jul 23 16:30:45 JST 2010|\u3048\u3055\u3092\u767a\u898b\u3057\u307e\u3057\u305f\uff01<br></font>Fri Jul 23 16:30:46 JST 2010|\u897f\u3078\u79fb\u52d5\u3057\u307e\u3057\u305f\u3002<br>Fri Jul 23 16:30:50 JST 2010|\u5357\u3078\u79fb\u52d5\u3057\u307e\u3057\u305f\u3002<br>Fri Jul 23 16:30:54 JST 2010|\u3048\u3055\u3092\u4f7f\u3044\u307e\u3057\u305f<br>Fri Jul 23 16:30:54 JST 2010|\u6771\u3078\u79fb\u52d5\u3057\u307e\u3057\u305f\u3002<br><font color=''blue''>Fri Jul 23 16:30:56 JST 2010|test\u718a\u3068\u306e\u6226\u95d8\u306b\u6557\u5317\u3057\u307e\u3057\u305f<br></font>',2,'tera','9d4e1e23bd5b727046a9e3b4b7db57bd8d6ee684',0)
SET AUTOCOMMIT TRUE
SET AUTOCOMMIT FALSE
DELETE FROM ACCOUNT WHERE ID=3
INSERT INTO ACCOUNT VALUES(3,13,4,TRUE,'',3,100,' <font color=''blue''>Fri Jul 23 12:10:48 JST 2010|horie\u3068\u306e\u6226\u95d8\u306b\u6557\u5317\u3057\u307e\u3057\u305f<br></font><font color=''red''>Fri Jul 23 12:13:28 JST 2010|horie\u3068\u306e\u6226\u95d8\u306b\u52dd\u5229\u3057\u307e\u3057\u305f<br></font><font color=''red''>Fri Jul 23 12:22:07 JST 2010|horie\u3068\u306e\u6226\u95d8\u306b\u52dd\u5229\u3057\u307e\u3057\u305f<br></font><font color=''blue''>Fri Jul 23 12:35:20 JST 2010|horie\u3068\u306e\u6226\u95d8\u306b\u6557\u5317\u3057\u307e\u3057\u305f<br></font><font color=''blue''>Fri Jul 23 12:47:10 JST 2010|horie\u3068\u306e\u6226\u95d8\u306b\u6557\u5317\u3057\u307e\u3057\u305f<br></font><font color=''red''>Fri Jul 23 12:47:42 JST 2010|horie\u3068\u306e\u6226\u95d8\u306b\u52dd\u5229\u3057\u307e\u3057\u305f<br></font><font color=''red''>Fri Jul 23 12:48:17 JST 2010|horie\u3068\u306e\u6226\u95d8\u306b\u52dd\u5229\u3057\u307e\u3057\u305f<br></font><font color=''red''>Fri Jul 23 12:48:41 JST 2010|horie\u3068\u306e\u6226\u95d8\u306b\u52dd\u5229\u3057\u307e\u3057\u305f<br></font><font color=''red''>Fri Jul 23 12:48:59 JST 2010|horie\u3068\u306e\u6226\u95d8\u306b\u52dd\u5229\u3057\u307e\u3057\u305f<br></font><font color=''blue''>Fri Jul 23 12:49:12 JST 2010|horie\u3068\u306e\u6226\u95d8\u306b\u6557\u5317\u3057\u307e\u3057\u305f<br></font><font color=''red''>Fri Jul 23 16:30:30 JST 2010|tera\u3068\u306e\u6226\u95d8\u306b\u52dd\u5229\u3057\u307e\u3057\u305f<br></font><font color=''red''>Fri Jul 23 16:30:56 JST 2010|tera\u3068\u306e\u6226\u95d8\u306b\u52dd\u5229\u3057\u307e\u3057\u305f<br></font>',4,'test\u718a','a94a8fe5ccb19ba61c4c0873d391e987982fbbd3',8)
SET AUTOCOMMIT TRUE
SET AUTOCOMMIT FALSE
DELETE FROM MAP WHERE ID=26
INSERT INTO MAP VALUES(26,10,'Account',12,0,0)
SET AUTOCOMMIT TRUE
SET AUTOCOMMIT FALSE
DELETE FROM ACCOUNT WHERE ID=12
INSERT INTO ACCOUNT VALUES(12,14,5,TRUE,'',0,100,'</font>Fri Jul 23 16:30:46 JST 2010|\u897f\u3078\u79fb\u52d5\u3057\u307e\u3057\u305f\u3002<br>Fri Jul 23 16:30:50 JST 2010|\u5357\u3078\u79fb\u52d5\u3057\u307e\u3057\u305f\u3002<br>Fri Jul 23 16:30:54 JST 2010|\u3048\u3055\u3092\u4f7f\u3044\u307e\u3057\u305f<br>Fri Jul 23 16:30:54 JST 2010|\u6771\u3078\u79fb\u52d5\u3057\u307e\u3057\u305f\u3002<br><font color=''blue''>Fri Jul 23 16:30:56 JST 2010|test\u718a\u3068\u306e\u6226\u95d8\u306b\u6557\u5317\u3057\u307e\u3057\u305f<br></font>',2,'tera','9d4e1e23bd5b727046a9e3b4b7db57bd8d6ee684',0)
SET AUTOCOMMIT TRUE
SET AUTOCOMMIT FALSE
DELETE FROM ACCOUNT WHERE ID=12
INSERT INTO ACCOUNT VALUES(12,15,5,TRUE,'',0,95,'</font>Fri Jul 23 16:30:46 JST 2010|\u897f\u3078\u79fb\u52d5\u3057\u307e\u3057\u305f\u3002<br>Fri Jul 23 16:30:50 JST 2010|\u5357\u3078\u79fb\u52d5\u3057\u307e\u3057\u305f\u3002<br>Fri Jul 23 16:30:54 JST 2010|\u3048\u3055\u3092\u4f7f\u3044\u307e\u3057\u305f<br>Fri Jul 23 16:30:54 JST 2010|\u6771\u3078\u79fb\u52d5\u3057\u307e\u3057\u305f\u3002<br><font color=''blue''>Fri Jul 23 16:30:56 JST 2010|test\u718a\u3068\u306e\u6226\u95d8\u306b\u6557\u5317\u3057\u307e\u3057\u305f<br></font>',2,'tera','9d4e1e23bd5b727046a9e3b4b7db57bd8d6ee684',0)
SET AUTOCOMMIT TRUE
SET AUTOCOMMIT FALSE
DELETE FROM MAP WHERE ID=26
INSERT INTO MAP VALUES(26,11,'Account',12,2,2)
SET AUTOCOMMIT TRUE
SET AUTOCOMMIT FALSE
DELETE FROM ACCOUNT WHERE ID=12
INSERT INTO ACCOUNT VALUES(12,16,5,TRUE,'',0,68,'</font>Fri Jul 23 16:30:46 JST 2010|\u897f\u3078\u79fb\u52d5\u3057\u307e\u3057\u305f\u3002<br>Fri Jul 23 16:30:50 JST 2010|\u5357\u3078\u79fb\u52d5\u3057\u307e\u3057\u305f\u3002<br>Fri Jul 23 16:30:54 JST 2010|\u3048\u3055\u3092\u4f7f\u3044\u307e\u3057\u305f<br>Fri Jul 23 16:30:54 JST 2010|\u6771\u3078\u79fb\u52d5\u3057\u307e\u3057\u305f\u3002<br><font color=''blue''>Fri Jul 23 16:30:56 JST 2010|test\u718a\u3068\u306e\u6226\u95d8\u306b\u6557\u5317\u3057\u307e\u3057\u305f<br></font>Fri Jul 23 16:31:11 JST 2010|\u5357\u3078\u79fb\u52d5\u3057\u307e\u3057\u305f\u3002<br><font color=''blue''>Fri Jul 23 16:31:11 JST 2010|\u7f60\u306b\u304b\u304b\u3063\u305f\uff01<br></font>',2,'tera','9d4e1e23bd5b727046a9e3b4b7db57bd8d6ee684',0)
SET AUTOCOMMIT TRUE
SET AUTOCOMMIT FALSE
DELETE FROM MAP WHERE ID=26
INSERT INTO MAP VALUES(26,12,'Account',12,2,3)
SET AUTOCOMMIT TRUE
SET AUTOCOMMIT FALSE
DELETE FROM ACCOUNT WHERE ID=12
INSERT INTO ACCOUNT VALUES(12,17,5,TRUE,'',0,68,'Fri Jul 23 16:30:54 JST 2010|\u3048\u3055\u3092\u4f7f\u3044\u307e\u3057\u305f<br>Fri Jul 23 16:30:54 JST 2010|\u6771\u3078\u79fb\u52d5\u3057\u307e\u3057\u305f\u3002<br><font color=''blue''>Fri Jul 23 16:30:56 JST 2010|test\u718a\u3068\u306e\u6226\u95d8\u306b\u6557\u5317\u3057\u307e\u3057\u305f<br></font>Fri Jul 23 16:31:11 JST 2010|\u5357\u3078\u79fb\u52d5\u3057\u307e\u3057\u305f\u3002<br><font color=''blue''>Fri Jul 23 16:31:11 JST 2010|\u7f60\u306b\u304b\u304b\u3063\u305f\uff01<br></font>',2,'tera','9d4e1e23bd5b727046a9e3b4b7db57bd8d6ee684',0)
SET AUTOCOMMIT TRUE
SET AUTOCOMMIT FALSE
DELETE FROM ACCOUNT WHERE ID=12
INSERT INTO ACCOUNT VALUES(12,18,5,TRUE,'',0,66,'Fri Jul 23 16:30:54 JST 2010|\u3048\u3055\u3092\u4f7f\u3044\u307e\u3057\u305f<br>Fri Jul 23 16:30:54 JST 2010|\u6771\u3078\u79fb\u52d5\u3057\u307e\u3057\u305f\u3002<br><font color=''blue''>Fri Jul 23 16:30:56 JST 2010|test\u718a\u3068\u306e\u6226\u95d8\u306b\u6557\u5317\u3057\u307e\u3057\u305f<br></font>Fri Jul 23 16:31:11 JST 2010|\u5357\u3078\u79fb\u52d5\u3057\u307e\u3057\u305f\u3002<br><font color=''blue''>Fri Jul 23 16:31:11 JST 2010|\u7f60\u306b\u304b\u304b\u3063\u305f\uff01<br></font>Fri Jul 23 16:31:15 JST 2010|\u6771\u3078\u79fb\u52d5\u3057\u307e\u3057\u305f\u3002<br>',2,'tera','9d4e1e23bd5b727046a9e3b4b7db57bd8d6ee684',0)
SET AUTOCOMMIT TRUE
SET AUTOCOMMIT FALSE
DELETE FROM MAP WHERE ID=26
INSERT INTO MAP VALUES(26,13,'Account',12,3,3)
SET AUTOCOMMIT TRUE
SET AUTOCOMMIT FALSE
DELETE FROM ACCOUNT WHERE ID=12
INSERT INTO ACCOUNT VALUES(12,19,5,TRUE,'',0,66,'Fri Jul 23 16:30:54 JST 2010|\u6771\u3078\u79fb\u52d5\u3057\u307e\u3057\u305f\u3002<br><font color=''blue''>Fri Jul 23 16:30:56 JST 2010|test\u718a\u3068\u306e\u6226\u95d8\u306b\u6557\u5317\u3057\u307e\u3057\u305f<br></font>Fri Jul 23 16:31:11 JST 2010|\u5357\u3078\u79fb\u52d5\u3057\u307e\u3057\u305f\u3002<br><font color=''blue''>Fri Jul 23 16:31:11 JST 2010|\u7f60\u306b\u304b\u304b\u3063\u305f\uff01<br></font>Fri Jul 23 16:31:15 JST 2010|\u6771\u3078\u79fb\u52d5\u3057\u307e\u3057\u305f\u3002<br>',2,'tera','9d4e1e23bd5b727046a9e3b4b7db57bd8d6ee684',0)
SET AUTOCOMMIT TRUE
SET AUTOCOMMIT FALSE
DELETE FROM ACCOUNT WHERE ID=12
INSERT INTO ACCOUNT VALUES(12,20,5,TRUE,'',0,64,'Fri Jul 23 16:30:54 JST 2010|\u6771\u3078\u79fb\u52d5\u3057\u307e\u3057\u305f\u3002<br><font color=''blue''>Fri Jul 23 16:30:56 JST 2010|test\u718a\u3068\u306e\u6226\u95d8\u306b\u6557\u5317\u3057\u307e\u3057\u305f<br></font>Fri Jul 23 16:31:11 JST 2010|\u5357\u3078\u79fb\u52d5\u3057\u307e\u3057\u305f\u3002<br><font color=''blue''>Fri Jul 23 16:31:11 JST 2010|\u7f60\u306b\u304b\u304b\u3063\u305f\uff01<br></font>Fri Jul 23 16:31:15 JST 2010|\u6771\u3078\u79fb\u52d5\u3057\u307e\u3057\u305f\u3002<br>Fri Jul 23 16:31:17 JST 2010|\u6771\u3078\u79fb\u52d5\u3057\u307e\u3057\u305f\u3002<br>',2,'tera','9d4e1e23bd5b727046a9e3b4b7db57bd8d6ee684',0)
SET AUTOCOMMIT TRUE
SET AUTOCOMMIT FALSE
DELETE FROM MAP WHERE ID=26
INSERT INTO MAP VALUES(26,14,'Account',12,4,3)
SET AUTOCOMMIT TRUE
SET AUTOCOMMIT FALSE
DELETE FROM ACCOUNT WHERE ID=12
INSERT INTO ACCOUNT VALUES(12,21,5,TRUE,'',0,64,'<font color=''blue''>Fri Jul 23 16:30:56 JST 2010|test\u718a\u3068\u306e\u6226\u95d8\u306b\u6557\u5317\u3057\u307e\u3057\u305f<br></font>Fri Jul 23 16:31:11 JST 2010|\u5357\u3078\u79fb\u52d5\u3057\u307e\u3057\u305f\u3002<br><font color=''blue''>Fri Jul 23 16:31:11 JST 2010|\u7f60\u306b\u304b\u304b\u3063\u305f\uff01<br></font>Fri Jul 23 16:31:15 JST 2010|\u6771\u3078\u79fb\u52d5\u3057\u307e\u3057\u305f\u3002<br>Fri Jul 23 16:31:17 JST 2010|\u6771\u3078\u79fb\u52d5\u3057\u307e\u3057\u305f\u3002<br>',2,'tera','9d4e1e23bd5b727046a9e3b4b7db57bd8d6ee684',0)
SET AUTOCOMMIT TRUE
SET AUTOCOMMIT FALSE
DELETE FROM ACCOUNT WHERE ID=12
INSERT INTO ACCOUNT VALUES(12,22,5,TRUE,'',0,62,'<font color=''blue''>Fri Jul 23 16:30:56 JST 2010|test\u718a\u3068\u306e\u6226\u95d8\u306b\u6557\u5317\u3057\u307e\u3057\u305f<br></font>Fri Jul 23 16:31:11 JST 2010|\u5357\u3078\u79fb\u52d5\u3057\u307e\u3057\u305f\u3002<br><font color=''blue''>Fri Jul 23 16:31:11 JST 2010|\u7f60\u306b\u304b\u304b\u3063\u305f\uff01<br></font>Fri Jul 23 16:31:15 JST 2010|\u6771\u3078\u79fb\u52d5\u3057\u307e\u3057\u305f\u3002<br>Fri Jul 23 16:31:17 JST 2010|\u6771\u3078\u79fb\u52d5\u3057\u307e\u3057\u305f\u3002<br>Fri Jul 23 16:31:18 JST 2010|\u5317\u3078\u79fb\u52d5\u3057\u307e\u3057\u305f\u3002<br>',2,'tera','9d4e1e23bd5b727046a9e3b4b7db57bd8d6ee684',0)
SET AUTOCOMMIT TRUE
SET AUTOCOMMIT FALSE
DELETE FROM MAP WHERE ID=26
INSERT INTO MAP VALUES(26,15,'Account',12,4,2)
SET AUTOCOMMIT TRUE
SET AUTOCOMMIT FALSE
DELETE FROM ACCOUNT WHERE ID=12
INSERT INTO ACCOUNT VALUES(12,23,5,TRUE,'',0,62,'</font>Fri Jul 23 16:31:11 JST 2010|\u5357\u3078\u79fb\u52d5\u3057\u307e\u3057\u305f\u3002<br><font color=''blue''>Fri Jul 23 16:31:11 JST 2010|\u7f60\u306b\u304b\u304b\u3063\u305f\uff01<br></font>Fri Jul 23 16:31:15 JST 2010|\u6771\u3078\u79fb\u52d5\u3057\u307e\u3057\u305f\u3002<br>Fri Jul 23 16:31:17 JST 2010|\u6771\u3078\u79fb\u52d5\u3057\u307e\u3057\u305f\u3002<br>Fri Jul 23 16:31:18 JST 2010|\u5317\u3078\u79fb\u52d5\u3057\u307e\u3057\u305f\u3002<br>',2,'tera','9d4e1e23bd5b727046a9e3b4b7db57bd8d6ee684',0)
SET AUTOCOMMIT TRUE
SET AUTOCOMMIT FALSE
DELETE FROM ACCOUNT WHERE ID=12
INSERT INTO ACCOUNT VALUES(12,24,5,TRUE,'',0,60,'</font>Fri Jul 23 16:31:11 JST 2010|\u5357\u3078\u79fb\u52d5\u3057\u307e\u3057\u305f\u3002<br><font color=''blue''>Fri Jul 23 16:31:11 JST 2010|\u7f60\u306b\u304b\u304b\u3063\u305f\uff01<br></font>Fri Jul 23 16:31:15 JST 2010|\u6771\u3078\u79fb\u52d5\u3057\u307e\u3057\u305f\u3002<br>Fri Jul 23 16:31:17 JST 2010|\u6771\u3078\u79fb\u52d5\u3057\u307e\u3057\u305f\u3002<br>Fri Jul 23 16:31:18 JST 2010|\u5317\u3078\u79fb\u52d5\u3057\u307e\u3057\u305f\u3002<br>Fri Jul 23 16:31:19 JST 2010|\u5317\u3078\u79fb\u52d5\u3057\u307e\u3057\u305f\u3002<br>',2,'tera','9d4e1e23bd5b727046a9e3b4b7db57bd8d6ee684',0)
SET AUTOCOMMIT TRUE
SET AUTOCOMMIT FALSE
DELETE FROM MAP WHERE ID=26
INSERT INTO MAP VALUES(26,16,'Account',12,4,1)
SET AUTOCOMMIT TRUE
SET AUTOCOMMIT FALSE
DELETE FROM ACCOUNT WHERE ID=12
INSERT INTO ACCOUNT VALUES(12,25,5,TRUE,'',0,60,'<font color=''blue''>Fri Jul 23 16:31:11 JST 2010|\u7f60\u306b\u304b\u304b\u3063\u305f\uff01<br></font>Fri Jul 23 16:31:15 JST 2010|\u6771\u3078\u79fb\u52d5\u3057\u307e\u3057\u305f\u3002<br>Fri Jul 23 16:31:17 JST 2010|\u6771\u3078\u79fb\u52d5\u3057\u307e\u3057\u305f\u3002<br>Fri Jul 23 16:31:18 JST 2010|\u5317\u3078\u79fb\u52d5\u3057\u307e\u3057\u305f\u3002<br>Fri Jul 23 16:31:19 JST 2010|\u5317\u3078\u79fb\u52d5\u3057\u307e\u3057\u305f\u3002<br>',2,'tera','9d4e1e23bd5b727046a9e3b4b7db57bd8d6ee684',0)
SET AUTOCOMMIT TRUE
SET AUTOCOMMIT FALSE
DELETE FROM ACCOUNT WHERE ID=12
INSERT INTO ACCOUNT VALUES(12,26,5,TRUE,'',0,58,'<font color=''blue''>Fri Jul 23 16:31:11 JST 2010|\u7f60\u306b\u304b\u304b\u3063\u305f\uff01<br></font>Fri Jul 23 16:31:15 JST 2010|\u6771\u3078\u79fb\u52d5\u3057\u307e\u3057\u305f\u3002<br>Fri Jul 23 16:31:17 JST 2010|\u6771\u3078\u79fb\u52d5\u3057\u307e\u3057\u305f\u3002<br>Fri Jul 23 16:31:18 JST 2010|\u5317\u3078\u79fb\u52d5\u3057\u307e\u3057\u305f\u3002<br>Fri Jul 23 16:31:19 JST 2010|\u5317\u3078\u79fb\u52d5\u3057\u307e\u3057\u305f\u3002<br>Fri Jul 23 16:31:20 JST 2010|\u897f\u3078\u79fb\u52d5\u3057\u307e\u3057\u305f\u3002<br>',2,'tera','9d4e1e23bd5b727046a9e3b4b7db57bd8d6ee684',0)
SET AUTOCOMMIT TRUE
SET AUTOCOMMIT FALSE
DELETE FROM MAP WHERE ID=26
INSERT INTO MAP VALUES(26,17,'Account',12,3,1)
SET AUTOCOMMIT TRUE
SET AUTOCOMMIT FALSE
DELETE FROM ACCOUNT WHERE ID=12
INSERT INTO ACCOUNT VALUES(12,27,5,TRUE,'',0,58,'</font>Fri Jul 23 16:31:15 JST 2010|\u6771\u3078\u79fb\u52d5\u3057\u307e\u3057\u305f\u3002<br>Fri Jul 23 16:31:17 JST 2010|\u6771\u3078\u79fb\u52d5\u3057\u307e\u3057\u305f\u3002<br>Fri Jul 23 16:31:18 JST 2010|\u5317\u3078\u79fb\u52d5\u3057\u307e\u3057\u305f\u3002<br>Fri Jul 23 16:31:19 JST 2010|\u5317\u3078\u79fb\u52d5\u3057\u307e\u3057\u305f\u3002<br>Fri Jul 23 16:31:20 JST 2010|\u897f\u3078\u79fb\u52d5\u3057\u307e\u3057\u305f\u3002<br>',2,'tera','9d4e1e23bd5b727046a9e3b4b7db57bd8d6ee684',0)
SET AUTOCOMMIT TRUE
SET AUTOCOMMIT FALSE
DELETE FROM MAP WHERE ID=26
INSERT INTO MAP VALUES(26,18,'Account',12,3,2)
SET AUTOCOMMIT TRUE
SET AUTOCOMMIT FALSE
DELETE FROM ACCOUNT WHERE ID=12
INSERT INTO ACCOUNT VALUES(12,28,5,FALSE,'',0,100,'</font>Fri Jul 23 16:31:15 JST 2010|\u6771\u3078\u79fb\u52d5\u3057\u307e\u3057\u305f\u3002<br>Fri Jul 23 16:31:17 JST 2010|\u6771\u3078\u79fb\u52d5\u3057\u307e\u3057\u305f\u3002<br>Fri Jul 23 16:31:18 JST 2010|\u5317\u3078\u79fb\u52d5\u3057\u307e\u3057\u305f\u3002<br>Fri Jul 23 16:31:19 JST 2010|\u5317\u3078\u79fb\u52d5\u3057\u307e\u3057\u305f\u3002<br>Fri Jul 23 16:31:20 JST 2010|\u897f\u3078\u79fb\u52d5\u3057\u307e\u3057\u305f\u3002<br><font color=''blue''>Fri Jul 23 16:31:23 JST 2010|test\u718a\u3068\u306e\u6226\u95d8\u306b\u6557\u5317\u3057\u307e\u3057\u305f<br></font>',3,'tera','9d4e1e23bd5b727046a9e3b4b7db57bd8d6ee684',0)
SET AUTOCOMMIT TRUE
SET AUTOCOMMIT FALSE
DELETE FROM ACCOUNT WHERE ID=3
INSERT INTO ACCOUNT VALUES(3,14,4,TRUE,'',3,100,' <font color=''blue''>Fri Jul 23 12:10:48 JST 2010|horie\u3068\u306e\u6226\u95d8\u306b\u6557\u5317\u3057\u307e\u3057\u305f<br></font><font color=''red''>Fri Jul 23 12:13:28 JST 2010|horie\u3068\u306e\u6226\u95d8\u306b\u52dd\u5229\u3057\u307e\u3057\u305f<br></font><font color=''red''>Fri Jul 23 12:22:07 JST 2010|horie\u3068\u306e\u6226\u95d8\u306b\u52dd\u5229\u3057\u307e\u3057\u305f<br></font><font color=''blue''>Fri Jul 23 12:35:20 JST 2010|horie\u3068\u306e\u6226\u95d8\u306b\u6557\u5317\u3057\u307e\u3057\u305f<br></font><font color=''blue''>Fri Jul 23 12:47:10 JST 2010|horie\u3068\u306e\u6226\u95d8\u306b\u6557\u5317\u3057\u307e\u3057\u305f<br></font><font color=''red''>Fri Jul 23 12:47:42 JST 2010|horie\u3068\u306e\u6226\u95d8\u306b\u52dd\u5229\u3057\u307e\u3057\u305f<br></font><font color=''red''>Fri Jul 23 12:48:17 JST 2010|horie\u3068\u306e\u6226\u95d8\u306b\u52dd\u5229\u3057\u307e\u3057\u305f<br></font><font color=''red''>Fri Jul 23 12:48:41 JST 2010|horie\u3068\u306e\u6226\u95d8\u306b\u52dd\u5229\u3057\u307e\u3057\u305f<br></font><font color=''red''>Fri Jul 23 12:48:59 JST 2010|horie\u3068\u306e\u6226\u95d8\u306b\u52dd\u5229\u3057\u307e\u3057\u305f<br></font><font color=''blue''>Fri Jul 23 12:49:12 JST 2010|horie\u3068\u306e\u6226\u95d8\u306b\u6557\u5317\u3057\u307e\u3057\u305f<br></font><font color=''red''>Fri Jul 23 16:30:30 JST 2010|tera\u3068\u306e\u6226\u95d8\u306b\u52dd\u5229\u3057\u307e\u3057\u305f<br></font><font color=''red''>Fri Jul 23 16:30:56 JST 2010|tera\u3068\u306e\u6226\u95d8\u306b\u52dd\u5229\u3057\u307e\u3057\u305f<br></font><font color=''red''>Fri Jul 23 16:31:23 JST 2010|tera\u3068\u306e\u6226\u95d8\u306b\u52dd\u5229\u3057\u307e\u3057\u305f<br></font>',4,'test\u718a','a94a8fe5ccb19ba61c4c0873d391e987982fbbd3',9)
SET AUTOCOMMIT TRUE
SET AUTOCOMMIT FALSE
DELETE FROM MAP WHERE ID=26
INSERT INTO MAP VALUES(26,19,'Account',12,0,0)
SET AUTOCOMMIT TRUE
SET AUTOCOMMIT FALSE
DELETE FROM ACCOUNT WHERE ID=12
INSERT INTO ACCOUNT VALUES(12,29,5,FALSE,'',0,100,'Fri Jul 23 16:31:17 JST 2010|\u6771\u3078\u79fb\u52d5\u3057\u307e\u3057\u305f\u3002<br>Fri Jul 23 16:31:18 JST 2010|\u5317\u3078\u79fb\u52d5\u3057\u307e\u3057\u305f\u3002<br>Fri Jul 23 16:31:19 JST 2010|\u5317\u3078\u79fb\u52d5\u3057\u307e\u3057\u305f\u3002<br>Fri Jul 23 16:31:20 JST 2010|\u897f\u3078\u79fb\u52d5\u3057\u307e\u3057\u305f\u3002<br><font color=''blue''>Fri Jul 23 16:31:23 JST 2010|test\u718a\u3068\u306e\u6226\u95d8\u306b\u6557\u5317\u3057\u307e\u3057\u305f<br></font>',3,'tera','9d4e1e23bd5b727046a9e3b4b7db57bd8d6ee684',0)
SET AUTOCOMMIT TRUE
